<?xml version="1.0" encoding="UTF-8"?>
<!-- Generated by org.testng.reporters.JUnitReportReporter -->
<testsuite hostname="lody" failures="0" tests="1" name="tests.SearchProduct" time="5.165" errors="0" timestamp="2025-05-10T21:46:08 EEST" skipped="0">
  <testcase classname="tests.SearchProduct" name="userCanSearchForProductSuccessfully" time="5.165"/>
</testsuite> <!-- tests.SearchProduct -->
