<?xml version="1.0" encoding="UTF-8"?>
<!-- Generated by org.testng.reporters.JUnitReportReporter -->
<testsuite hostname="lody" failures="0" tests="1" name="tests.Register_Happy_Scenario" time="65.782" errors="0" timestamp="2025-05-09T16:17:21 EEST" skipped="0">
  <testcase classname="tests.Register_Happy_Scenario" name="Register_NewEmail_MandatoryAndOptional" time="65.782"/>
</testsuite> <!-- tests.Register_Happy_Scenario -->
