<?xml version="1.0" encoding="UTF-8"?>
<!-- Generated by org.testng.reporters.JUnitReportReporter -->
<testsuite hostname="lody" failures="0" tests="1" name="tests.VerifyProductquantityinCart" time="8.224" errors="0" timestamp="2025-05-10T22:07:15 EEST" skipped="0">
  <testcase classname="tests.VerifyProductquantityinCart" name="viewProduct" time="8.224"/>
</testsuite> <!-- tests.VerifyProductquantityinCart -->
