<?xml version="1.0" encoding="UTF-8"?>
<!-- Generated by org.testng.reporters.JUnitReportReporter -->
<testsuite hostname="Meriam" failures="0" tests="1" name="tests.DownloadInvoiceTest" time="67.454" errors="0" timestamp="2025-05-11T18:04:12 EEST" skipped="0">
  <testcase classname="tests.DownloadInvoiceTest" name="downloadInvoiceAfterPurchase" time="67.454"/>
</testsuite> <!-- tests.DownloadInvoiceTest -->
