<?xml version="1.0" encoding="UTF-8"?>
<!-- Generated by org.testng.reporters.JUnitReportReporter -->
<testsuite hostname="lody" failures="0" tests="1" name="tests.LoginBeforeCheckout" time="95.049" errors="0" timestamp="2025-05-11T20:53:02 EEST" skipped="0">
  <testcase classname="tests.LoginBeforeCheckout" name="loginBeforeCheckout_HappyScenario" time="95.049"/>
</testsuite> <!-- tests.LoginBeforeCheckout -->
