<?xml version="1.0" encoding="UTF-8"?>
<!-- Generated by org.testng.reporters.JUnitReportReporter -->
<testsuite hostname="lody" failures="0" tests="1" name="tests.RegisterWhileCheckout" time="93.214" errors="0" timestamp="2025-05-11T20:40:46 EEST" skipped="0">
  <testcase classname="tests.RegisterWhileCheckout" name="registerWhileCheckout" time="93.214"/>
</testsuite> <!-- tests.RegisterWhileCheckout -->
