<?xml version="1.0" encoding="UTF-8"?>
<!-- Generated by org.testng.reporters.JUnitReportReporter -->
<testsuite hostname="lody" failures="0" tests="1" name="tests.DeleteFromCart" time="9.278" errors="0" timestamp="2025-05-10T21:21:28 EEST" skipped="0">
  <testcase classname="tests.DeleteFromCart" name="userCanDeleteProductFromCart" time="9.278"/>
</testsuite> <!-- tests.DeleteFromCart -->
