<?xml version="1.0" encoding="UTF-8"?>
<!-- Generated by org.testng.reporters.JUnitReportReporter -->
<testsuite hostname="lody" failures="0" tests="1" name="tests.VerifyTestCasesPage" time="1.884" errors="0" timestamp="2025-05-10T22:07:50 EEST" skipped="0">
  <testcase classname="tests.VerifyTestCasesPage" name="test1" time="1.884"/>
</testsuite> <!-- tests.VerifyTestCasesPage -->
