<?xml version="1.0" encoding="UTF-8"?>
<!-- Generated by org.testng.reporters.JUnitReportReporter -->
<testsuite hostname="lody" failures="0" tests="1" name="tests.Register_NegativeScenario" time="5.935" errors="0" timestamp="2025-05-09T16:17:21 EEST" skipped="0">
  <testcase classname="tests.Register_NegativeScenario" name="Register_ExistEmail" time="5.935"/>
</testsuite> <!-- tests.Register_NegativeScenario -->
