<?xml version="1.0" encoding="UTF-8"?>
<!-- Generated by org.testng.reporters.JUnitReportReporter -->
<testsuite hostname="lody" failures="0" tests="1" name="tests.SearchByBrand" time="15.064" errors="0" timestamp="2025-05-10T21:42:03 EEST" skipped="0">
  <testcase classname="tests.SearchByBrand" name="searchByBrand" time="15.064"/>
</testsuite> <!-- tests.SearchByBrand -->
