<?xml version="1.0" encoding="UTF-8"?>
<!-- Generated by org.testng.reporters.JUnitReportReporter -->
<testsuite hostname="lody" failures="0" tests="1" name="tests.Login_HappyScenario" time="5.250" errors="0" timestamp="2025-05-09T16:08:02 EEST" skipped="0">
  <testcase classname="tests.Login_HappyScenario" name="testLogin_CorrectEmailAndPassword" time="5.250"/>
</testsuite> <!-- tests.Login_HappyScenario -->
