<?xml version="1.0" encoding="UTF-8"?>
<!-- Generated by org.testng.reporters.JUnitReportReporter -->
<testsuite hostname="lody" failures="0" tests="1" name="tests.SearchAndCartPersistenceTest" time="25.643" errors="0" timestamp="2025-05-10T21:22:30 EEST" skipped="0">
  <testcase classname="tests.SearchAndCartPersistenceTest" name="searchAndVerifyCartAfterLogin" time="25.643"/>
</testsuite> <!-- tests.SearchAndCartPersistenceTest -->
