<?xml version="1.0" encoding="UTF-8"?>
<!-- Generated by org.testng.reporters.JUnitReportReporter -->
<testsuite hostname="lody" failures="0" tests="1" name="tests.VerifyAllProductsAndDetails" time="6.970" errors="0" timestamp="2025-05-10T21:48:21 EEST" skipped="0">
  <testcase classname="tests.VerifyAllProductsAndDetails" name="test1" time="6.970"/>
</testsuite> <!-- tests.VerifyAllProductsAndDetails -->
