<?xml version="1.0" encoding="UTF-8"?>
<!-- Generated by org.testng.reporters.JUnitReportReporter -->
<testsuite hostname="Meriam" failures="0" tests="1" name="tests.ContactUs_HappyScenario" time="31.121" errors="0" timestamp="2025-05-10T20:05:51 EEST" skipped="0">
  <testcase classname="tests.ContactUs_HappyScenario" name="testContactUs_vaildData" time="31.121"/>
</testsuite> <!-- tests.ContactUs_HappyScenario -->
