<?xml version="1.0" encoding="UTF-8"?>
<!-- Generated by org.testng.reporters.JUnitReportReporter -->
<testsuite hostname="lody" failures="0" tests="1" name="tests.Login_NegativeScenario" time="3.143" errors="0" timestamp="2025-05-09T16:08:02 EEST" skipped="0">
  <testcase classname="tests.Login_NegativeScenario" name="emailAndPasswordNotCorrect" time="3.143"/>
</testsuite> <!-- tests.Login_NegativeScenario -->
