<?xml version="1.0" encoding="UTF-8"?>
<!-- Generated by org.testng.reporters.JUnitReportReporter -->
<testsuite hostname="Meriam" failures="0" tests="1" name="tests.VerifyScrollUpDownWithoutArrowButton" time="19.956" errors="0" timestamp="2025-05-11T16:37:41 EEST" skipped="0">
  <testcase classname="tests.VerifyScrollUpDownWithoutArrowButton" name="testVerifyScrollUpDownWithoutArrow" time="19.956"/>
</testsuite> <!-- tests.VerifyScrollUpDownWithoutArrowButton -->
