<?xml version="1.0" encoding="UTF-8"?>
<!-- Generated by org.testng.reporters.JUnitReportReporter -->
<testsuite hostname="lody" failures="0" tests="1" name="tests.RecommendedItems" time="3.739" errors="0" timestamp="2025-05-09T15:56:34 EEST" skipped="0">
  <testcase classname="tests.RecommendedItems" name="recommendedItemsAddToCart" time="3.739"/>
</testsuite> <!-- tests.RecommendedItems -->
