<?xml version="1.0" encoding="UTF-8"?>
<!-- Generated by org.testng.reporters.JUnitReportReporter -->
<testsuite hostname="Meriam" failures="0" tests="1" name="tests.VerifyScrollUpDownUsingArrow" time="15.760" errors="0" timestamp="2025-05-11T16:36:38 EEST" skipped="0">
  <testcase classname="tests.VerifyScrollUpDownUsingArrow" name="testVerifyScrollUpDown" time="15.760"/>
</testsuite> <!-- tests.VerifyScrollUpDownUsingArrow -->
