<?xml version="1.0" encoding="UTF-8"?>
<!-- Generated by org.testng.reporters.JUnitReportReporter -->
<testsuite hostname="lody" failures="0" tests="1" name="tests.VerifyCategoryProducts" time="4.302" errors="0" timestamp="2025-05-10T21:53:55 EEST" skipped="0">
  <testcase classname="tests.VerifyCategoryProducts" name="viewCategoryProducts" time="4.302"/>
</testsuite> <!-- tests.VerifyCategoryProducts -->
