<?xml version="1.0" encoding="UTF-8"?>
<!-- Generated by org.testng.reporters.JUnitReportReporter -->
<testsuite hostname="Meriam" failures="0" tests="1" name="tests.AddToCart" time="14.980" errors="0" timestamp="2025-05-10T20:04:59 EEST" skipped="0">
  <testcase classname="tests.AddToCart" name="addToCart" time="14.980"/>
</testsuite> <!-- tests.AddToCart -->
